

times in msec
 clock   self+sourced   self:  sourced script
 clock   elapsed:              other lines

000.038  000.038: --- NVIM STARTING ---
000.236  000.198: event init
000.481  000.245: early init
000.794  000.313: locale set
000.864  000.070: init first window
016.052  015.188: inits 1
016.072  000.021: window checked
016.077  000.004: parsing arguments
016.544  000.069  000.069: require('vim.shared')
016.669  000.058  000.058: require('vim._meta')
016.671  000.125  000.066: require('vim._editor')
016.672  000.240  000.047: require('vim._init_packages')
016.677  000.360: init lua interpreter
016.998  000.321: expanding arguments
017.084  000.086: inits 2
017.350  000.265: init highlight
017.351  000.001: waiting for UI
019.563  002.212: done waiting for UI
019.578  000.015: init screen for UI
019.749  000.170: init default mappings
019.763  000.014: init default autocommands
021.199  000.092  000.092: sourcing /opt/homebrew/Cellar/neovim/HEAD-e63538f_1/share/nvim/runtime/ftplugin.vim
021.419  000.029  000.029: sourcing /opt/homebrew/Cellar/neovim/HEAD-e63538f_1/share/nvim/runtime/indent.vim
025.881  004.229  004.229: require('impatient')
026.357  000.096  000.096: require('packer.util')
026.390  000.248  000.152: require('packer')
026.574  000.182  000.182: require('packer.log')
026.771  000.074  000.074: require('packer.async')
027.024  000.181  000.181: require('packer.result')
027.026  000.254  000.072: require('packer.jobs')
027.030  000.428  000.100: require('packer.plugin_utils')
027.115  000.072  000.072: require('packer.snapshot')
027.320  001.437  000.506: require('plugins')
028.716  001.394  001.394: require('settings')
028.964  000.247  000.247: require('keybinding')
029.546  000.240  000.240: sourcing /Users/philippe/.local/share/nvim/site/pack/packer/start/gruvbox-material/autoload/gruvbox_material.vim
035.021  005.834  005.594: sourcing /Users/philippe/.local/share/nvim/site/pack/packer/start/gruvbox-material/colors/gruvbox-material.vim
035.065  006.099  000.266: require('colorscheme')
035.083  013.498  000.091: sourcing /Users/philippe/.config/nvim/init.lua
035.101  001.720: sourcing vimrc file(s)
035.682  000.307  000.307: sourcing /opt/homebrew/Cellar/neovim/HEAD-e63538f_1/share/nvim/runtime/filetype.lua
035.748  000.014  000.014: sourcing /opt/homebrew/Cellar/neovim/HEAD-e63538f_1/share/nvim/runtime/filetype.vim
036.002  000.059  000.059: sourcing /opt/homebrew/Cellar/neovim/HEAD-e63538f_1/share/nvim/runtime/syntax/synload.vim
036.059  000.264  000.205: sourcing /opt/homebrew/Cellar/neovim/HEAD-e63538f_1/share/nvim/runtime/syntax/syntax.vim
037.459  000.018  000.018: sourcing /opt/homebrew/Cellar/neovim/HEAD-e63538f_1/share/nvim/runtime/plugin/gzip.vim
037.507  000.009  000.009: sourcing /opt/homebrew/Cellar/neovim/HEAD-e63538f_1/share/nvim/runtime/plugin/health.vim
038.208  000.128  000.128: sourcing /opt/homebrew/Cellar/neovim/HEAD-e63538f_1/share/nvim/runtime/pack/dist/opt/matchit/plugin/matchit.vim
038.339  000.791  000.663: sourcing /opt/homebrew/Cellar/neovim/HEAD-e63538f_1/share/nvim/runtime/plugin/matchit.vim
038.502  000.125  000.125: sourcing /opt/homebrew/Cellar/neovim/HEAD-e63538f_1/share/nvim/runtime/plugin/matchparen.vim
038.555  000.014  000.014: sourcing /opt/homebrew/Cellar/neovim/HEAD-e63538f_1/share/nvim/runtime/plugin/netrwPlugin.vim
038.742  000.007  000.007: sourcing /Users/philippe/.local/share/nvim/rplugin.vim
038.747  000.151  000.144: sourcing /opt/homebrew/Cellar/neovim/HEAD-e63538f_1/share/nvim/runtime/plugin/rplugin.vim
038.834  000.049  000.049: sourcing /opt/homebrew/Cellar/neovim/HEAD-e63538f_1/share/nvim/runtime/plugin/shada.vim
038.891  000.018  000.018: sourcing /opt/homebrew/Cellar/neovim/HEAD-e63538f_1/share/nvim/runtime/plugin/spellfile.vim
038.942  000.014  000.014: sourcing /opt/homebrew/Cellar/neovim/HEAD-e63538f_1/share/nvim/runtime/plugin/tarPlugin.vim
038.992  000.011  000.011: sourcing /opt/homebrew/Cellar/neovim/HEAD-e63538f_1/share/nvim/runtime/plugin/tohtml.vim
039.041  000.015  000.015: sourcing /opt/homebrew/Cellar/neovim/HEAD-e63538f_1/share/nvim/runtime/plugin/tutor.vim
039.145  000.029  000.029: sourcing /opt/homebrew/Cellar/neovim/HEAD-e63538f_1/share/nvim/runtime/plugin/zipPlugin.vim
039.963  000.157  000.157: require('plugins.gruvbox')
040.240  000.138  000.138: require('fidget.log')
040.244  000.279  000.141: require('fidget')
040.470  000.075  000.075: require('fidget.spinners')
040.768  000.085  000.085: require('vim.lsp.log')
041.270  000.004  000.004: require('vim.F')
041.271  000.503  000.498: require('vim.lsp.protocol')
041.505  000.113  000.113: require('vim.lsp._snippet')
041.579  000.073  000.073: require('vim.highlight')
041.589  000.317  000.130: require('vim.lsp.util')
041.596  000.989  000.085: require('vim.lsp.handlers')
041.786  000.188  000.188: require('vim.lsp.rpc')
041.870  000.083  000.083: require('vim.lsp.sync')
041.955  000.084  000.084: require('vim.lsp.buf')
042.015  000.059  000.059: require('vim.lsp.diagnostic')
042.068  000.052  000.052: require('vim.lsp.codelens')
042.164  001.693  000.238: require('vim.lsp')
042.528  000.045  000.045: require('vim.treesitter.language')
042.533  000.111  000.065: require('vim.treesitter.query')
042.591  000.057  000.057: require('vim.treesitter.languagetree')
042.608  000.244  000.076: require('vim.treesitter')
042.677  000.441  000.196: require('nvim-treesitter.parsers')
043.006  000.091  000.091: require('nvim-treesitter.utils')
043.009  000.160  000.069: require('nvim-treesitter.ts_utils')
043.016  000.215  000.056: require('nvim-treesitter.tsrange')
043.064  000.047  000.047: require('nvim-treesitter.caching')
043.069  000.321  000.059: require('nvim-treesitter.query')
043.081  000.402  000.081: require('nvim-treesitter.configs')
043.102  000.921  000.079: require('plugins.treesitter')
043.239  000.062  000.062: require('nvim-autopairs._log')
043.295  000.055  000.055: require('nvim-autopairs.utils')
043.442  000.055  000.055: require('nvim-autopairs.conds')
043.445  000.101  000.047: require('nvim-autopairs.rule')
043.446  000.150  000.049: require('nvim-autopairs.rules.basic')
043.452  000.348  000.080: require('nvim-autopairs')
043.914  000.085  000.085: require('nvim-surround.config')
043.916  000.145  000.060: require('nvim-surround.buffer')
043.962  000.044  000.044: require('nvim-surround.cache')
044.051  000.043  000.043: require('nvim-surround.patterns')
044.053  000.090  000.046: require('nvim-surround.utils')
044.055  000.348  000.069: require('nvim-surround')
044.305  000.005  000.005: require('vim.keymap')
044.794  000.080  000.080: require('lualine_require')
045.047  000.411  000.331: require('lualine')
048.287  000.070  000.070: require('lualine.utils.mode')
048.339  003.778  003.296: require('plugins.lualine')
048.454  000.056  000.056: require('lsp.on_attach')
048.719  000.103  000.103: require('null-ls.methods')
048.732  000.171  000.067: require('null-ls.utils')
048.872  000.139  000.139: require('vim.diagnostic')
048.945  000.436  000.127: require('null-ls.config')
049.041  000.045  000.045: require('null-ls.helpers.cache')
049.101  000.058  000.058: require('null-ls.helpers.diagnostics')
049.150  000.049  000.049: require('null-ls.helpers.formatter_factory')
049.269  000.057  000.057: require('null-ls.logger')
049.335  000.065  000.065: require('null-ls.state')
049.336  000.185  000.063: require('null-ls.helpers.generator_factory')
049.450  000.054  000.054: require('null-ls.helpers.command_resolver')
049.451  000.114  000.060: require('null-ls.helpers.make_builtin')
049.500  000.048  000.048: require('null-ls.helpers.range_formatting_args_factory')
049.501  000.555  000.057: require('null-ls.helpers')
049.619  000.060  000.060: require('null-ls.diagnostics')
049.625  000.123  000.063: require('null-ls.sources')
049.684  000.058  000.058: require('null-ls.builtins')
049.686  001.231  000.059: require('null-ls')
049.855  000.122  000.122: require('null-ls.builtins.code_actions.eslint')
049.909  000.222  000.099: require('null-ls.builtins.code_actions.eslint_d')
050.047  000.089  000.089: require('null-ls.builtins.diagnostics.eslint')
050.056  000.145  000.056: require('null-ls.builtins.diagnostics.eslint_d')
050.157  000.075  000.075: require('null-ls.builtins.formatting.eslint_d')
050.241  000.082  000.082: require('null-ls.builtins.formatting.prettierd')
050.516  000.067  000.067: require('null-ls.client')
050.533  002.192  000.314: require('lsp/null-ls')
051.092  011.772  001.977: sourcing /Users/philippe/.config/nvim/plugin/packer_compiled.lua
051.623  000.030  000.030: sourcing /opt/homebrew/Cellar/neovim/HEAD-e63538f_1/share/nvim/runtime/plugin/man.lua
051.646  002.913: loading rtp plugins
053.475  000.280  000.280: require('nvim-treesitter.info')
053.615  000.139  000.139: require('nvim-treesitter.shell_command_selectors')
053.665  000.592  000.173: require('nvim-treesitter.install')
053.741  000.075  000.075: require('nvim-treesitter.statusline')
053.845  000.103  000.103: require('nvim-treesitter.query_predicates')
053.846  001.181  000.411: require('nvim-treesitter')
054.445  000.160  000.160: require('vim.treesitter.highlighter')
054.529  000.361  000.201: require('nvim-treesitter.highlight')
054.707  002.059  000.518: sourcing /Users/philippe/.local/share/nvim/site/pack/packer/start/nvim-treesitter/plugin/nvim-treesitter.lua
054.883  000.026  000.026: sourcing /Users/philippe/.local/share/nvim/site/pack/packer/start/nvim-web-devicons/plugin/nvim-web-devicons.vim
055.149  000.018  000.018: sourcing /Users/philippe/.local/share/nvim/site/pack/packer/start/plenary.nvim/plugin/plenary.vim
055.517  001.769: loading packages
056.265  000.747: loading after plugins
056.271  000.006: inits 3
057.684  001.413: reading ShaDa
057.800  000.115: opening buffers
057.900  000.100: BufEnter autocommands
057.901  000.002: editing files in windows


times in msec
 clock   self+sourced   self:  sourced script
 clock   elapsed:              other lines

000.007  000.007: --- NVIM STARTING ---
000.085  000.078: event init
000.234  000.149: early init
000.428  000.195: locale set
000.463  000.035: init first window
013.972  013.510: inits 1
013.988  000.015: window checked
013.992  000.004: parsing arguments
014.480  000.078  000.078: require('vim.shared')
014.601  000.056  000.056: require('vim._meta')
014.603  000.120  000.064: require('vim._editor')
014.605  000.240  000.042: require('vim._init_packages')
014.607  000.374: init lua interpreter
014.939  000.333: expanding arguments
015.023  000.083: inits 2
015.310  000.287: init highlight
015.311  000.001: waiting for UI
017.296  001.985: done waiting for UI
017.312  000.016: init screen for UI
017.490  000.179: init default mappings
017.503  000.012: init default autocommands
018.936  000.078  000.078: sourcing /opt/homebrew/Cellar/neovim/HEAD-e63538f_1/share/nvim/runtime/ftplugin.vim
019.145  000.033  000.033: sourcing /opt/homebrew/Cellar/neovim/HEAD-e63538f_1/share/nvim/runtime/indent.vim
024.467  005.101  005.101: require('impatient')
025.017  000.105  000.105: require('packer.util')
025.054  000.281  000.176: require('packer')
025.250  000.195  000.195: require('packer.log')
025.445  000.085  000.085: require('packer.async')
025.595  000.078  000.078: require('packer.result')
025.598  000.151  000.073: require('packer.jobs')
025.602  000.329  000.092: require('packer.plugin_utils')
025.685  000.071  000.071: require('packer.snapshot')
025.990  001.519  000.643: require('plugins')
027.433  001.441  001.441: require('settings')
027.665  000.230  000.230: require('keybinding')
028.181  000.159  000.159: sourcing /Users/philippe/.local/share/nvim/site/pack/packer/start/gruvbox-material/autoload/gruvbox_material.vim
033.940  006.046  005.887: sourcing /Users/philippe/.local/share/nvim/site/pack/packer/start/gruvbox-material/colors/gruvbox-material.vim
033.967  006.301  000.255: require('colorscheme')
033.981  014.665  000.073: sourcing /Users/philippe/.config/nvim/init.lua
033.992  001.714: sourcing vimrc file(s)
034.536  000.278  000.278: sourcing /opt/homebrew/Cellar/neovim/HEAD-e63538f_1/share/nvim/runtime/filetype.lua
034.608  000.013  000.013: sourcing /opt/homebrew/Cellar/neovim/HEAD-e63538f_1/share/nvim/runtime/filetype.vim
034.880  000.070  000.070: sourcing /opt/homebrew/Cellar/neovim/HEAD-e63538f_1/share/nvim/runtime/syntax/synload.vim
034.941  000.276  000.206: sourcing /opt/homebrew/Cellar/neovim/HEAD-e63538f_1/share/nvim/runtime/syntax/syntax.vim
036.322  000.011  000.011: sourcing /opt/homebrew/Cellar/neovim/HEAD-e63538f_1/share/nvim/runtime/plugin/gzip.vim
036.369  000.009  000.009: sourcing /opt/homebrew/Cellar/neovim/HEAD-e63538f_1/share/nvim/runtime/plugin/health.vim
037.057  000.116  000.116: sourcing /opt/homebrew/Cellar/neovim/HEAD-e63538f_1/share/nvim/runtime/pack/dist/opt/matchit/plugin/matchit.vim
037.185  000.780  000.665: sourcing /opt/homebrew/Cellar/neovim/HEAD-e63538f_1/share/nvim/runtime/plugin/matchit.vim
037.344  000.120  000.120: sourcing /opt/homebrew/Cellar/neovim/HEAD-e63538f_1/share/nvim/runtime/plugin/matchparen.vim
037.395  000.014  000.014: sourcing /opt/homebrew/Cellar/neovim/HEAD-e63538f_1/share/nvim/runtime/plugin/netrwPlugin.vim
037.570  000.007  000.007: sourcing /Users/philippe/.local/share/nvim/rplugin.vim
037.575  000.138  000.132: sourcing /opt/homebrew/Cellar/neovim/HEAD-e63538f_1/share/nvim/runtime/plugin/rplugin.vim
037.659  000.048  000.048: sourcing /opt/homebrew/Cellar/neovim/HEAD-e63538f_1/share/nvim/runtime/plugin/shada.vim
037.714  000.018  000.018: sourcing /opt/homebrew/Cellar/neovim/HEAD-e63538f_1/share/nvim/runtime/plugin/spellfile.vim
037.771  000.014  000.014: sourcing /opt/homebrew/Cellar/neovim/HEAD-e63538f_1/share/nvim/runtime/plugin/tarPlugin.vim
037.821  000.012  000.012: sourcing /opt/homebrew/Cellar/neovim/HEAD-e63538f_1/share/nvim/runtime/plugin/tohtml.vim
037.874  000.016  000.016: sourcing /opt/homebrew/Cellar/neovim/HEAD-e63538f_1/share/nvim/runtime/plugin/tutor.vim
037.963  000.016  000.016: sourcing /opt/homebrew/Cellar/neovim/HEAD-e63538f_1/share/nvim/runtime/plugin/zipPlugin.vim
038.711  000.108  000.108: require('plugins.gruvbox')
038.999  000.178  000.178: require('fidget.log')
039.005  000.291  000.113: require('fidget')
039.254  000.081  000.081: require('fidget.spinners')
039.714  000.119  000.119: require('vim.lsp.log')
040.158  000.005  000.005: require('vim.F')
040.160  000.444  000.439: require('vim.lsp.protocol')
040.372  000.109  000.109: require('vim.lsp._snippet')
040.439  000.066  000.066: require('vim.highlight')
040.451  000.291  000.115: require('vim.lsp.util')
040.465  001.031  000.177: require('vim.lsp.handlers')
040.605  000.139  000.139: require('vim.lsp.rpc')
040.691  000.084  000.084: require('vim.lsp.sync')
040.776  000.084  000.084: require('vim.lsp.buf')
040.834  000.057  000.057: require('vim.lsp.diagnostic')
040.904  000.068  000.068: require('vim.lsp.codelens')
040.969  001.713  000.250: require('vim.lsp')
041.382  000.051  000.051: require('vim.treesitter.language')
041.387  000.114  000.064: require('vim.treesitter.query')
041.448  000.060  000.060: require('vim.treesitter.languagetree')
041.470  000.253  000.079: require('vim.treesitter')
041.558  000.456  000.203: require('nvim-treesitter.parsers')
041.851  000.066  000.066: require('nvim-treesitter.utils')
041.855  000.123  000.057: require('nvim-treesitter.ts_utils')
041.858  000.176  000.053: require('nvim-treesitter.tsrange')
041.905  000.046  000.046: require('nvim-treesitter.caching')
041.918  000.289  000.067: require('nvim-treesitter.query')
041.926  000.367  000.078: require('nvim-treesitter.configs')
041.956  000.972  000.149: require('plugins.treesitter')
042.076  000.044  000.044: require('nvim-autopairs._log')
042.130  000.053  000.053: require('nvim-autopairs.utils')
042.285  000.058  000.058: require('nvim-autopairs.conds')
042.288  000.109  000.051: require('nvim-autopairs.rule')
042.289  000.158  000.049: require('nvim-autopairs.rules.basic')
042.294  000.335  000.081: require('nvim-autopairs')
042.729  000.080  000.080: require('nvim-surround.config')
042.732  000.135  000.055: require('nvim-surround.buffer')
042.779  000.046  000.046: require('nvim-surround.cache')
042.873  000.045  000.045: require('nvim-surround.patterns')
042.875  000.095  000.051: require('nvim-surround.utils')
042.879  000.342  000.066: require('nvim-surround')
043.083  000.004  000.004: require('vim.keymap')
043.416  000.046  000.046: require('lualine_require')
043.649  000.346  000.300: require('lualine')
046.957  000.088  000.088: require('lualine.utils.mode')
047.066  003.816  003.381: require('plugins.lualine')
047.198  000.055  000.055: require('lsp.on_attach')
047.489  000.100  000.100: require('null-ls.methods')
047.505  000.184  000.084: require('null-ls.utils')
047.677  000.170  000.170: require('vim.diagnostic')
047.777  000.522  000.167: require('null-ls.config')
047.915  000.076  000.076: require('null-ls.helpers.cache')
047.981  000.064  000.064: require('null-ls.helpers.diagnostics')
048.029  000.047  000.047: require('null-ls.helpers.formatter_factory')
048.143  000.057  000.057: require('null-ls.logger')
048.198  000.054  000.054: require('null-ls.state')
048.199  000.169  000.059: require('null-ls.helpers.generator_factory')
048.302  000.053  000.053: require('null-ls.helpers.command_resolver')
048.304  000.103  000.050: require('null-ls.helpers.make_builtin')
048.357  000.053  000.053: require('null-ls.helpers.range_formatting_args_factory')
048.358  000.580  000.067: require('null-ls.helpers')
048.479  000.063  000.063: require('null-ls.diagnostics')
048.486  000.127  000.064: require('null-ls.sources')
048.543  000.055  000.055: require('null-ls.builtins')
048.545  001.346  000.062: require('null-ls')
048.761  000.163  000.163: require('null-ls.builtins.code_actions.eslint')
048.777  000.230  000.068: require('null-ls.builtins.code_actions.eslint_d')
048.899  000.073  000.073: require('null-ls.builtins.diagnostics.eslint')
048.921  000.143  000.070: require('null-ls.builtins.diagnostics.eslint_d')
049.035  000.084  000.084: require('null-ls.builtins.formatting.eslint_d')
049.129  000.092  000.092: require('null-ls.builtins.formatting.prettierd')
049.451  000.072  000.072: require('null-ls.client')
049.465  002.397  000.375: require('lsp/null-ls')
050.021  011.898  001.838: sourcing /Users/philippe/.config/nvim/plugin/packer_compiled.lua
050.529  000.029  000.029: sourcing /opt/homebrew/Cellar/neovim/HEAD-e63538f_1/share/nvim/runtime/plugin/man.lua
050.552  002.870: loading rtp plugins
052.097  000.152  000.152: require('nvim-treesitter.info')
052.201  000.103  000.103: require('nvim-treesitter.shell_command_selectors')
052.249  000.393  000.139: require('nvim-treesitter.install')
052.321  000.071  000.071: require('nvim-treesitter.statusline')
052.421  000.098  000.098: require('nvim-treesitter.query_predicates')
052.422  000.652  000.089: require('nvim-treesitter')
052.870  000.107  000.107: require('vim.treesitter.highlighter')
052.939  000.278  000.170: require('nvim-treesitter.highlight')
053.033  001.527  000.597: sourcing /Users/philippe/.local/share/nvim/site/pack/packer/start/nvim-treesitter/plugin/nvim-treesitter.lua
053.196  000.022  000.022: sourcing /Users/philippe/.local/share/nvim/site/pack/packer/start/nvim-web-devicons/plugin/nvim-web-devicons.vim
053.466  000.022  000.022: sourcing /Users/philippe/.local/share/nvim/site/pack/packer/start/plenary.nvim/plugin/plenary.vim
053.829  001.706: loading packages
054.612  000.783: loading after plugins
054.618  000.006: inits 3
056.044  001.425: reading ShaDa
056.232  000.188: opening buffers
056.328  000.096: BufEnter autocommands
056.329  000.002: editing files in windows
