

times in msec
 clock   self+sourced   self:  sourced script
 clock   elapsed:              other lines

000.007  000.007: --- NVIM STARTING ---
000.636  000.629: locale set
007.206  006.571: inits 1
007.228  000.022: window checked
007.236  000.007: parsing arguments
010.036  002.800: expanding arguments
010.109  000.073: inits 2
010.639  000.530: init highlight
010.641  000.002: waiting for UI
013.126  002.485: done waiting for UI
013.162  000.037: init screen for UI
013.206  000.044: init default mappings
013.275  000.068: init default autocommands
014.609  000.093  000.093: sourcing /usr/local/Cellar/neovim/0.7.0/share/nvim/runtime/ftplugin.vim
014.824  000.046  000.046: sourcing /usr/local/Cellar/neovim/0.7.0/share/nvim/runtime/indent.vim
028.384  001.839  001.839: sourcing /Users/philippe/.local/share/nvim/site/pack/packer/start/nightfox.nvim/colors/nordfox.vim
028.485  013.519  011.680: sourcing /Users/philippe/.config/nvim/init.lua
028.520  001.588: sourcing vimrc file(s)
029.147  000.365  000.365: sourcing /usr/local/Cellar/neovim/0.7.0/share/nvim/runtime/filetype.lua
029.249  000.025  000.025: sourcing /usr/local/Cellar/neovim/0.7.0/share/nvim/runtime/filetype.vim
029.617  000.111  000.111: sourcing /usr/local/Cellar/neovim/0.7.0/share/nvim/runtime/syntax/synload.vim
029.721  000.404  000.293: sourcing /usr/local/Cellar/neovim/0.7.0/share/nvim/runtime/syntax/syntax.vim
031.567  000.029  000.029: sourcing /usr/local/Cellar/neovim/0.7.0/share/nvim/runtime/plugin/gzip.vim
031.676  000.032  000.032: sourcing /usr/local/Cellar/neovim/0.7.0/share/nvim/runtime/plugin/health.vim
031.801  000.049  000.049: sourcing /usr/local/Cellar/neovim/0.7.0/share/nvim/runtime/plugin/man.vim
032.872  000.246  000.246: sourcing /usr/local/Cellar/neovim/0.7.0/share/nvim/runtime/pack/dist/opt/matchit/plugin/matchit.vim
033.059  001.201  000.955: sourcing /usr/local/Cellar/neovim/0.7.0/share/nvim/runtime/plugin/matchit.vim
033.306  000.186  000.186: sourcing /usr/local/Cellar/neovim/0.7.0/share/nvim/runtime/plugin/matchparen.vim
033.405  000.029  000.029: sourcing /usr/local/Cellar/neovim/0.7.0/share/nvim/runtime/plugin/netrwPlugin.vim
033.693  000.019  000.019: sourcing /Users/philippe/.local/share/nvim/rplugin.vim
033.703  000.240  000.221: sourcing /usr/local/Cellar/neovim/0.7.0/share/nvim/runtime/plugin/rplugin.vim
033.847  000.089  000.089: sourcing /usr/local/Cellar/neovim/0.7.0/share/nvim/runtime/plugin/shada.vim
033.954  000.037  000.037: sourcing /usr/local/Cellar/neovim/0.7.0/share/nvim/runtime/plugin/spellfile.vim
034.045  000.027  000.027: sourcing /usr/local/Cellar/neovim/0.7.0/share/nvim/runtime/plugin/tarPlugin.vim
034.124  000.022  000.022: sourcing /usr/local/Cellar/neovim/0.7.0/share/nvim/runtime/plugin/tohtml.vim
034.219  000.032  000.032: sourcing /usr/local/Cellar/neovim/0.7.0/share/nvim/runtime/plugin/tutor.vim
034.330  000.048  000.048: sourcing /usr/local/Cellar/neovim/0.7.0/share/nvim/runtime/plugin/zipPlugin.vim
055.650  021.074  021.074: sourcing /Users/philippe/.config/nvim/plugin/packer_compiled.lua
056.433  004.022: loading rtp plugins
057.995  000.049  000.049: sourcing /Users/philippe/.local/share/nvim/site/pack/packer/start/nightfox.nvim/plugin/nightfox.vim
058.620  000.097  000.097: sourcing /Users/philippe/.local/share/nvim/site/pack/packer/start/nvim-lspconfig/plugin/lspconfig.vim
060.696  001.470  001.470: sourcing /Users/philippe/.local/share/nvim/site/pack/packer/start/nvim-treesitter/plugin/nvim-treesitter.lua
061.089  000.053  000.053: sourcing /Users/philippe/.local/share/nvim/site/pack/packer/start/nvim-web-devicons/plugin/nvim-web-devicons.vim
061.843  000.051  000.051: sourcing /Users/philippe/.local/share/nvim/site/pack/packer/start/plenary.nvim/plugin/plenary.vim
062.576  004.424: loading packages
064.079  001.502: loading after plugins
064.099  000.020: inits 3
070.102  006.003: reading ShaDa
070.220  000.118: opening buffers
070.438  000.218: BufEnter autocommands
070.442  000.004: editing files in windows
